<?xml version="1.0" encoding="UTF-8"?>
<!-- Generated by org.testng.reporters.JUnitXMLReporter -->
<testsuite hostname="PINENOIL10685" ignored="0" name="Test2" tests="3" failures="0" timestamp="01 Mar 2019 04:56:06 GMT" time="0.033" errors="0">
  <testcase name="@BeforeClass InitiateDriver" time="0.002" classname="com.PromoZone.Promotion.MainTestPackage.CreatePromotionMainClass2">
    <failure type="org.openqa.selenium.NoSuchSessionException" message="Session ID is null. Using WebDriver after calling quit()?
Build info: version: &amp;apos;3.14.0&amp;apos;, revision: &amp;apos;aacccce0&amp;apos;, time: &amp;apos;2018-08-02T20:19:58.91Z&amp;apos;
System info: host: &amp;apos;PINENOIL10685&amp;apos;, ip: &amp;apos;192.168.127.27&amp;apos;, os.name: &amp;apos;Windows 7&amp;apos;, os.arch: &amp;apos;amd64&amp;apos;, os.version: &amp;apos;6.1&amp;apos;, java.version: &amp;apos;1.8.0_201&amp;apos;
Driver info: driver.version: RemoteWebDriver">
      <![CDATA[org.openqa.selenium.NoSuchSessionException: Session ID is null. Using WebDriver after calling quit()?
Build info: version: '3.14.0', revision: 'aacccce0', time: '2018-08-02T20:19:58.91Z'
System info: host: 'PINENOIL10685', ip: '192.168.127.27', os.name: 'Windows 7', os.arch: 'amd64', os.version: '6.1', java.version: '1.8.0_201'
Driver info: driver.version: RemoteWebDriver
at org.openqa.selenium.remote.HttpCommandExecutor.execute(HttpCommandExecutor.java:125)
at org.openqa.selenium.remote.service.DriverCommandExecutor.execute(DriverCommandExecutor.java:83)
at org.openqa.selenium.remote.RemoteWebDriver.execute(RemoteWebDriver.java:548)
at org.openqa.selenium.remote.RemoteWebDriver.get(RemoteWebDriver.java:276)
at com.PromoZone.Promotion.MainTestPackage.CreatePromotionMainClass2.InitiateDriver(CreatePromotionMainClass2.java:19)
... Removed 26 stack frames]]>
    </failure>
  </testcase> <!-- @BeforeClass InitiateDriver -->
  <testcase name="@AfterClass DriverClose" time="0.0" classname="com.PromoZone.Promotion.MainTestPackage.CreatePromotionMainClass2">
    <skipped/>
  </testcase> <!-- @AfterClass DriverClose -->
  <testcase name="DirectToCreatePromotionScreen" time="0.0" classname="com.PromoZone.Promotion.MainTestPackage.CreatePromotionMainClass2">
    <skipped/>
  </testcase> <!-- DirectToCreatePromotionScreen -->
  <testcase name="CreatePromotion" time="0.0" classname="com.PromoZone.Promotion.MainTestPackage.CreatePromotionMainClass2">
    <skipped/>
  </testcase> <!-- CreatePromotion -->
  <testcase name="AddContent" time="0.0" classname="com.PromoZone.Promotion.MainTestPackage.CreatePromotionMainClass2">
    <skipped/>
  </testcase> <!-- AddContent -->
</testsuite> <!-- Test2 -->
